<html>
<head>
<title>TestNG:  Default test</title>
<link href="../testng.css" rel="stylesheet" type="text/css" />
<link href="../my-testng.css" rel="stylesheet" type="text/css" />

<style type="text/css">
.log { display: none;} 
.stack-trace { display: none;} 
</style>
<script type="text/javascript">
<!--
function flip(e) {
  current = e.style.display;
  if (current == 'block') {
    e.style.display = 'none';
    return 0;
  }
  else {
    e.style.display = 'block';
    return 1;
  }
}

function toggleBox(szDivId, elem, msg1, msg2)
{
  var res = -1;  if (document.getElementById) {
    res = flip(document.getElementById(szDivId));
  }
  else if (document.all) {
    // this is the way old msie versions work
    res = flip(document.all[szDivId]);
  }
  if(elem) {
    if(res == 0) elem.innerHTML = msg1; else elem.innerHTML = msg2;
  }

}

function toggleAllBoxes() {
  if (document.getElementsByTagName) {
    d = document.getElementsByTagName('div');
    for (i = 0; i < d.length; i++) {
      if (d[i].className == 'log') {
        flip(d[i]);
      }
    }
  }
}

// -->
</script>

</head>
<body>
<h2 align='center'>Default test</h2><table border='1' align="center">
<tr>
<td>Tests passed/Failed/Skipped:</td><td>37/3/0</td>
</tr><tr>
<td>Started on:</td><td>Thu Dec 26 18:37:46 IST 2024</td>
</tr>
<tr><td>Total time:</td><td>147 seconds (147736 ms)</td>
</tr><tr>
<td>Included groups:</td><td></td>
</tr><tr>
<td>Excluded groups:</td><td></td>
</tr>
</table><p/>
<small><i>(Hover the method name to see the test class name)</i></small><p/>
<table width='100%' border='1' class='invocation-failed'>
<tr><td colspan='4' align='center'><b>FAILED TESTS</b></td></tr>
<tr><td><b>Test method</b></td>
<td width="30%"><b>Exception</b></td>
<td width="10%"><b>Time (seconds)</b></td>
<td><b>Instance</b></td>
</tr>
<tr>
<td title='com.TestCases.LoginTestCase.CheckNewsletter()'><b>CheckNewsletter</b><br>Test class: com.TestCases.LoginTestCase</td>
<td><div><pre>java.lang.AssertionError: expected [Newsletter Subscribtion] but found [Account Login]
	at org.testng.Assert.fail(Assert.java:99)
	at org.testng.Assert.failNotEquals(Assert.java:1037)
	at org.testng.Assert.assertEqualsImpl(Assert.java:140)
	at org.testng.Assert.assertEquals(Assert.java:122)
	at org.testng.Assert.assertEquals(Assert.java:629)
	at org.testng.Assert.assertEquals(Assert.java:639)
	at com.TestCases.LoginTestCase.CheckNewsletter(LoginTestCase.java:370)
	at java.base/jdk.internal.reflect.NativeMethodAccessorImpl.invoke0(Native Method)
	at java.base/jdk.internal.reflect.NativeMethodAccessorImpl.invoke(NativeMethodAccessorImpl.java:77)
	at java.base/jdk.internal.reflect.DelegatingMethodAccessorImpl.invoke(DelegatingMethodAccessorImpl.java:43)
	at java.base/java.lang.reflect.Method.invoke(Method.java:568)
	at org.testng.internal.MethodInvocationHelper.invokeMethod(MethodInvocationHelper.java:133)
	at org.testng.internal.TestInvoker.invokeMethod(TestInvoker.java:598)
	at org.testng.internal.TestInvoker.invokeTestMethod(TestInvoker.java:173)
	at org.testng.internal.MethodRunner.runInSequence(MethodRunner.java:46)
	at org.testng.internal.TestInvoker$MethodInvocationAgent.invoke(TestInvoker.java:824)
	at org.testng.internal.TestInvoker.invokeTestMethods(TestInvoker.java:146)
	at org.testng.internal.TestMethodWorker.invokeTestMethods(TestMethodWorker.java:146)
	at org.testng.internal.TestMethodWorker.run(TestMethodWorker.java:128)
	at java.base/java.util.ArrayList.forEach(ArrayList.java:1511)
	at org.testng.TestRunner.privateRun(TestRunner.java:794)
	at org.testng.TestRunner.run(TestRunner.java:596)
	at org.testng.SuiteRunner.runTest(SuiteRunner.java:377)
	at org.testng.SuiteRunner.runSequentially(SuiteRunner.java:371)
	at org.testng.SuiteRunner.privateRun(SuiteRunner.java:332)
	at org.testng.SuiteRunner.run(SuiteRunner.java:276)
	at org.testng.SuiteRunnerWorker.runSuite(SuiteRunnerWorker.java:53)
	at org.testng.SuiteRunnerWorker.run(SuiteRunnerWorker.java:96)
	at org.testng.TestNG.runSuitesSequentially(TestNG.java:1212)
	at org.testng.TestNG.runSuitesLocally(TestNG.java:1134)
	at org.testng.TestNG.runSuites(TestNG.java:1063)
	at org.testng.TestNG.run(TestNG.java:1031)
	at org.testng.remote.AbstractRemoteTestNG.run(AbstractRemoteTestNG.java:115)
	at org.testng.remote.RemoteTestNG.initAndRun(RemoteTestNG.java:293)
	at org.testng.remote.RemoteTestNG.main(RemoteTestNG.java:91)
</pre></div><a href='#' onClick='toggleBox("stack-trace504355631", this, "Click to show all stack frames", "Click to hide stack frames")'>Click to show all stack frames</a>
<div class='stack-trace' id='stack-trace504355631'><pre>java.lang.AssertionError: expected [Newsletter Subscribtion] but found [Account Login]
	at org.testng.Assert.fail(Assert.java:99)
	at org.testng.Assert.failNotEquals(Assert.java:1037)
	at org.testng.Assert.assertEqualsImpl(Assert.java:140)
	at org.testng.Assert.assertEquals(Assert.java:122)
	at org.testng.Assert.assertEquals(Assert.java:629)
	at org.testng.Assert.assertEquals(Assert.java:639)
	at com.TestCases.LoginTestCase.CheckNewsletter(LoginTestCase.java:370)
	at java.base/jdk.internal.reflect.NativeMethodAccessorImpl.invoke0(Native Method)
	at java.base/jdk.internal.reflect.NativeMethodAccessorImpl.invoke(NativeMethodAccessorImpl.java:77)
	at java.base/jdk.internal.reflect.DelegatingMethodAccessorImpl.invoke(DelegatingMethodAccessorImpl.java:43)
	at java.base/java.lang.reflect.Method.invoke(Method.java:568)
	at org.testng.internal.MethodInvocationHelper.invokeMethod(MethodInvocationHelper.java:133)
	at org.testng.internal.TestInvoker.invokeMethod(TestInvoker.java:598)
	at org.testng.internal.TestInvoker.invokeTestMethod(TestInvoker.java:173)
	at org.testng.internal.MethodRunner.runInSequence(MethodRunner.java:46)
	at org.testng.internal.TestInvoker$MethodInvocationAgent.invoke(TestInvoker.java:824)
	at org.testng.internal.TestInvoker.invokeTestMethods(TestInvoker.java:146)
	at org.testng.internal.TestMethodWorker.invokeTestMethods(TestMethodWorker.java:146)
	at org.testng.internal.TestMethodWorker.run(TestMethodWorker.java:128)
	at java.base/java.util.ArrayList.forEach(ArrayList.java:1511)
	at org.testng.TestRunner.privateRun(TestRunner.java:794)
	at org.testng.TestRunner.run(TestRunner.java:596)
	at org.testng.SuiteRunner.runTest(SuiteRunner.java:377)
	at org.testng.SuiteRunner.runSequentially(SuiteRunner.java:371)
	at org.testng.SuiteRunner.privateRun(SuiteRunner.java:332)
	at org.testng.SuiteRunner.run(SuiteRunner.java:276)
	at org.testng.SuiteRunnerWorker.runSuite(SuiteRunnerWorker.java:53)
	at org.testng.SuiteRunnerWorker.run(SuiteRunnerWorker.java:96)
	at org.testng.TestNG.runSuitesSequentially(TestNG.java:1212)
	at org.testng.TestNG.runSuitesLocally(TestNG.java:1134)
	at org.testng.TestNG.runSuites(TestNG.java:1063)
	at org.testng.TestNG.run(TestNG.java:1031)
	at org.testng.remote.AbstractRemoteTestNG.run(AbstractRemoteTestNG.java:115)
	at org.testng.remote.RemoteTestNG.initAndRun(RemoteTestNG.java:293)
	at org.testng.remote.RemoteTestNG.main(RemoteTestNG.java:91)
</pre></div></td>
<td>4</td>
<td>com.TestCases.LoginTestCase@5acf93bb</td></tr>
<tr>
<td title='com.TestCases.LoginTestCase.CheckwishList()'><b>CheckwishList</b><br>Test class: com.TestCases.LoginTestCase</td>
<td><div><pre>java.lang.AssertionError: expected [My Wish List] but found [Account Login]
	at org.testng.Assert.fail(Assert.java:99)
	at org.testng.Assert.failNotEquals(Assert.java:1037)
	at org.testng.Assert.assertEqualsImpl(Assert.java:140)
	at org.testng.Assert.assertEquals(Assert.java:122)
	at org.testng.Assert.assertEquals(Assert.java:629)
	at org.testng.Assert.assertEquals(Assert.java:639)
	at com.TestCases.LoginTestCase.CheckwishList(LoginTestCase.java:355)
	at java.base/jdk.internal.reflect.NativeMethodAccessorImpl.invoke0(Native Method)
	at java.base/jdk.internal.reflect.NativeMethodAccessorImpl.invoke(NativeMethodAccessorImpl.java:77)
	at java.base/jdk.internal.reflect.DelegatingMethodAccessorImpl.invoke(DelegatingMethodAccessorImpl.java:43)
	at java.base/java.lang.reflect.Method.invoke(Method.java:568)
	at org.testng.internal.MethodInvocationHelper.invokeMethod(MethodInvocationHelper.java:133)
	at org.testng.internal.TestInvoker.invokeMethod(TestInvoker.java:598)
	at org.testng.internal.TestInvoker.invokeTestMethod(TestInvoker.java:173)
	at org.testng.internal.MethodRunner.runInSequence(MethodRunner.java:46)
	at org.testng.internal.TestInvoker$MethodInvocationAgent.invoke(TestInvoker.java:824)
	at org.testng.internal.TestInvoker.invokeTestMethods(TestInvoker.java:146)
	at org.testng.internal.TestMethodWorker.invokeTestMethods(TestMethodWorker.java:146)
	at org.testng.internal.TestMethodWorker.run(TestMethodWorker.java:128)
	at java.base/java.util.ArrayList.forEach(ArrayList.java:1511)
	at org.testng.TestRunner.privateRun(TestRunner.java:794)
	at org.testng.TestRunner.run(TestRunner.java:596)
	at org.testng.SuiteRunner.runTest(SuiteRunner.java:377)
	at org.testng.SuiteRunner.runSequentially(SuiteRunner.java:371)
	at org.testng.SuiteRunner.privateRun(SuiteRunner.java:332)
	at org.testng.SuiteRunner.run(SuiteRunner.java:276)
	at org.testng.SuiteRunnerWorker.runSuite(SuiteRunnerWorker.java:53)
	at org.testng.SuiteRunnerWorker.run(SuiteRunnerWorker.java:96)
	at org.testng.TestNG.runSuitesSequentially(TestNG.java:1212)
	at org.testng.TestNG.runSuitesLocally(TestNG.java:1134)
	at org.testng.TestNG.runSuites(TestNG.java:1063)
	at org.testng.TestNG.run(TestNG.java:1031)
	at org.testng.remote.AbstractRemoteTestNG.run(AbstractRemoteTestNG.java:115)
	at org.testng.remote.RemoteTestNG.initAndRun(RemoteTestNG.java:293)
	at org.testng.remote.RemoteTestNG.main(RemoteTestNG.java:91)
</pre></div><a href='#' onClick='toggleBox("stack-trace1476116591", this, "Click to show all stack frames", "Click to hide stack frames")'>Click to show all stack frames</a>
<div class='stack-trace' id='stack-trace1476116591'><pre>java.lang.AssertionError: expected [My Wish List] but found [Account Login]
	at org.testng.Assert.fail(Assert.java:99)
	at org.testng.Assert.failNotEquals(Assert.java:1037)
	at org.testng.Assert.assertEqualsImpl(Assert.java:140)
	at org.testng.Assert.assertEquals(Assert.java:122)
	at org.testng.Assert.assertEquals(Assert.java:629)
	at org.testng.Assert.assertEquals(Assert.java:639)
	at com.TestCases.LoginTestCase.CheckwishList(LoginTestCase.java:355)
	at java.base/jdk.internal.reflect.NativeMethodAccessorImpl.invoke0(Native Method)
	at java.base/jdk.internal.reflect.NativeMethodAccessorImpl.invoke(NativeMethodAccessorImpl.java:77)
	at java.base/jdk.internal.reflect.DelegatingMethodAccessorImpl.invoke(DelegatingMethodAccessorImpl.java:43)
	at java.base/java.lang.reflect.Method.invoke(Method.java:568)
	at org.testng.internal.MethodInvocationHelper.invokeMethod(MethodInvocationHelper.java:133)
	at org.testng.internal.TestInvoker.invokeMethod(TestInvoker.java:598)
	at org.testng.internal.TestInvoker.invokeTestMethod(TestInvoker.java:173)
	at org.testng.internal.MethodRunner.runInSequence(MethodRunner.java:46)
	at org.testng.internal.TestInvoker$MethodInvocationAgent.invoke(TestInvoker.java:824)
	at org.testng.internal.TestInvoker.invokeTestMethods(TestInvoker.java:146)
	at org.testng.internal.TestMethodWorker.invokeTestMethods(TestMethodWorker.java:146)
	at org.testng.internal.TestMethodWorker.run(TestMethodWorker.java:128)
	at java.base/java.util.ArrayList.forEach(ArrayList.java:1511)
	at org.testng.TestRunner.privateRun(TestRunner.java:794)
	at org.testng.TestRunner.run(TestRunner.java:596)
	at org.testng.SuiteRunner.runTest(SuiteRunner.java:377)
	at org.testng.SuiteRunner.runSequentially(SuiteRunner.java:371)
	at org.testng.SuiteRunner.privateRun(SuiteRunner.java:332)
	at org.testng.SuiteRunner.run(SuiteRunner.java:276)
	at org.testng.SuiteRunnerWorker.runSuite(SuiteRunnerWorker.java:53)
	at org.testng.SuiteRunnerWorker.run(SuiteRunnerWorker.java:96)
	at org.testng.TestNG.runSuitesSequentially(TestNG.java:1212)
	at org.testng.TestNG.runSuitesLocally(TestNG.java:1134)
	at org.testng.TestNG.runSuites(TestNG.java:1063)
	at org.testng.TestNG.run(TestNG.java:1031)
	at org.testng.remote.AbstractRemoteTestNG.run(AbstractRemoteTestNG.java:115)
	at org.testng.remote.RemoteTestNG.initAndRun(RemoteTestNG.java:293)
	at org.testng.remote.RemoteTestNG.main(RemoteTestNG.java:91)
</pre></div></td>
<td>3</td>
<td>com.TestCases.LoginTestCase@5acf93bb</td></tr>
<tr>
<td title='com.TestCases.LoginTestCase.CheckSearchBoxFun7()'><b>CheckSearchBoxFun7</b><br>Test class: com.TestCases.LoginTestCase</td>
<td><div><pre>java.lang.AssertionError: expected [Hewlett-Packard] but found [Search - HP]
	at org.testng.Assert.fail(Assert.java:99)
	at org.testng.Assert.failNotEquals(Assert.java:1037)
	at org.testng.Assert.assertEqualsImpl(Assert.java:140)
	at org.testng.Assert.assertEquals(Assert.java:122)
	at org.testng.Assert.assertEquals(Assert.java:629)
	at org.testng.Assert.assertEquals(Assert.java:639)
	at com.TestCases.LoginTestCase.CheckSearchBoxFun7(LoginTestCase.java:583)
	at java.base/jdk.internal.reflect.NativeMethodAccessorImpl.invoke0(Native Method)
	at java.base/jdk.internal.reflect.NativeMethodAccessorImpl.invoke(NativeMethodAccessorImpl.java:77)
	at java.base/jdk.internal.reflect.DelegatingMethodAccessorImpl.invoke(DelegatingMethodAccessorImpl.java:43)
	at java.base/java.lang.reflect.Method.invoke(Method.java:568)
	at org.testng.internal.MethodInvocationHelper.invokeMethod(MethodInvocationHelper.java:133)
	at org.testng.internal.TestInvoker.invokeMethod(TestInvoker.java:598)
	at org.testng.internal.TestInvoker.invokeTestMethod(TestInvoker.java:173)
	at org.testng.internal.MethodRunner.runInSequence(MethodRunner.java:46)
	at org.testng.internal.TestInvoker$MethodInvocationAgent.invoke(TestInvoker.java:824)
	at org.testng.internal.TestInvoker.invokeTestMethods(TestInvoker.java:146)
	at org.testng.internal.TestMethodWorker.invokeTestMethods(TestMethodWorker.java:146)
	at org.testng.internal.TestMethodWorker.run(TestMethodWorker.java:128)
	at java.base/java.util.ArrayList.forEach(ArrayList.java:1511)
	at org.testng.TestRunner.privateRun(TestRunner.java:794)
	at org.testng.TestRunner.run(TestRunner.java:596)
	at org.testng.SuiteRunner.runTest(SuiteRunner.java:377)
	at org.testng.SuiteRunner.runSequentially(SuiteRunner.java:371)
	at org.testng.SuiteRunner.privateRun(SuiteRunner.java:332)
	at org.testng.SuiteRunner.run(SuiteRunner.java:276)
	at org.testng.SuiteRunnerWorker.runSuite(SuiteRunnerWorker.java:53)
	at org.testng.SuiteRunnerWorker.run(SuiteRunnerWorker.java:96)
	at org.testng.TestNG.runSuitesSequentially(TestNG.java:1212)
	at org.testng.TestNG.runSuitesLocally(TestNG.java:1134)
	at org.testng.TestNG.runSuites(TestNG.java:1063)
	at org.testng.TestNG.run(TestNG.java:1031)
	at org.testng.remote.AbstractRemoteTestNG.run(AbstractRemoteTestNG.java:115)
	at org.testng.remote.RemoteTestNG.initAndRun(RemoteTestNG.java:293)
	at org.testng.remote.RemoteTestNG.main(RemoteTestNG.java:91)
</pre></div><a href='#' onClick='toggleBox("stack-trace1925489578", this, "Click to show all stack frames", "Click to hide stack frames")'>Click to show all stack frames</a>
<div class='stack-trace' id='stack-trace1925489578'><pre>java.lang.AssertionError: expected [Hewlett-Packard] but found [Search - HP]
	at org.testng.Assert.fail(Assert.java:99)
	at org.testng.Assert.failNotEquals(Assert.java:1037)
	at org.testng.Assert.assertEqualsImpl(Assert.java:140)
	at org.testng.Assert.assertEquals(Assert.java:122)
	at org.testng.Assert.assertEquals(Assert.java:629)
	at org.testng.Assert.assertEquals(Assert.java:639)
	at com.TestCases.LoginTestCase.CheckSearchBoxFun7(LoginTestCase.java:583)
	at java.base/jdk.internal.reflect.NativeMethodAccessorImpl.invoke0(Native Method)
	at java.base/jdk.internal.reflect.NativeMethodAccessorImpl.invoke(NativeMethodAccessorImpl.java:77)
	at java.base/jdk.internal.reflect.DelegatingMethodAccessorImpl.invoke(DelegatingMethodAccessorImpl.java:43)
	at java.base/java.lang.reflect.Method.invoke(Method.java:568)
	at org.testng.internal.MethodInvocationHelper.invokeMethod(MethodInvocationHelper.java:133)
	at org.testng.internal.TestInvoker.invokeMethod(TestInvoker.java:598)
	at org.testng.internal.TestInvoker.invokeTestMethod(TestInvoker.java:173)
	at org.testng.internal.MethodRunner.runInSequence(MethodRunner.java:46)
	at org.testng.internal.TestInvoker$MethodInvocationAgent.invoke(TestInvoker.java:824)
	at org.testng.internal.TestInvoker.invokeTestMethods(TestInvoker.java:146)
	at org.testng.internal.TestMethodWorker.invokeTestMethods(TestMethodWorker.java:146)
	at org.testng.internal.TestMethodWorker.run(TestMethodWorker.java:128)
	at java.base/java.util.ArrayList.forEach(ArrayList.java:1511)
	at org.testng.TestRunner.privateRun(TestRunner.java:794)
	at org.testng.TestRunner.run(TestRunner.java:596)
	at org.testng.SuiteRunner.runTest(SuiteRunner.java:377)
	at org.testng.SuiteRunner.runSequentially(SuiteRunner.java:371)
	at org.testng.SuiteRunner.privateRun(SuiteRunner.java:332)
	at org.testng.SuiteRunner.run(SuiteRunner.java:276)
	at org.testng.SuiteRunnerWorker.runSuite(SuiteRunnerWorker.java:53)
	at org.testng.SuiteRunnerWorker.run(SuiteRunnerWorker.java:96)
	at org.testng.TestNG.runSuitesSequentially(TestNG.java:1212)
	at org.testng.TestNG.runSuitesLocally(TestNG.java:1134)
	at org.testng.TestNG.runSuites(TestNG.java:1063)
	at org.testng.TestNG.run(TestNG.java:1031)
	at org.testng.remote.AbstractRemoteTestNG.run(AbstractRemoteTestNG.java:115)
	at org.testng.remote.RemoteTestNG.initAndRun(RemoteTestNG.java:293)
	at org.testng.remote.RemoteTestNG.main(RemoteTestNG.java:91)
</pre></div></td>
<td>4</td>
<td>com.TestCases.LoginTestCase@5acf93bb</td></tr>
</table><p>
<table width='100%' border='1' class='invocation-passed'>
<tr><td colspan='4' align='center'><b>PASSED TESTS</b></td></tr>
<tr><td><b>Test method</b></td>
<td width="30%"><b>Exception</b></td>
<td width="10%"><b>Time (seconds)</b></td>
<td><b>Instance</b></td>
</tr>
<tr>
<td title='com.TestCases.LoginTestCase.CheckHeading1()'><b>CheckHeading1</b><br>Test class: com.TestCases.LoginTestCase</td>
<td></td>
<td>4</td>
<td>com.TestCases.LoginTestCase@5acf93bb</td></tr>
<tr>
<td title='com.TestCases.LoginTestCase.CheckWishList()'><b>CheckWishList</b><br>Test class: com.TestCases.LoginTestCase</td>
<td></td>
<td>2</td>
<td>com.TestCases.LoginTestCase@5acf93bb</td></tr>
<tr>
<td title='com.TestCases.LoginTestCase.CheckFooter1()'><b>CheckFooter1</b><br>Test class: com.TestCases.LoginTestCase</td>
<td></td>
<td>3</td>
<td>com.TestCases.LoginTestCase@5acf93bb</td></tr>
<tr>
<td title='com.TestCases.LoginTestCase.CheckHeading2()'><b>CheckHeading2</b><br>Test class: com.TestCases.LoginTestCase</td>
<td></td>
<td>2</td>
<td>com.TestCases.LoginTestCase@5acf93bb</td></tr>
<tr>
<td title='com.TestCases.LoginTestCase.CheckSpecialOffers()'><b>CheckSpecialOffers</b><br>Test class: com.TestCases.LoginTestCase</td>
<td></td>
<td>3</td>
<td>com.TestCases.LoginTestCase@5acf93bb</td></tr>
<tr>
<td title='com.TestCases.LoginTestCase.CheckFooter5()'><b>CheckFooter5</b><br>Test class: com.TestCases.LoginTestCase</td>
<td></td>
<td>3</td>
<td>com.TestCases.LoginTestCase@5acf93bb</td></tr>
<tr>
<td title='com.TestCases.LoginTestCase.CheckSearchBoxFun5()'><b>CheckSearchBoxFun5</b><br>Test class: com.TestCases.LoginTestCase</td>
<td></td>
<td>3</td>
<td>com.TestCases.LoginTestCase@5acf93bb</td></tr>
<tr>
<td title='com.TestCases.LoginTestCase.CheckSearchBoxFun10()'><b>CheckSearchBoxFun10</b><br>Test class: com.TestCases.LoginTestCase</td>
<td></td>
<td>4</td>
<td>com.TestCases.LoginTestCase@5acf93bb</td></tr>
<tr>
<td title='com.TestCases.LoginTestCase.CheckSearchBoxFun9()'><b>CheckSearchBoxFun9</b><br>Test class: com.TestCases.LoginTestCase</td>
<td></td>
<td>6</td>
<td>com.TestCases.LoginTestCase@5acf93bb</td></tr>
<tr>
<td title='com.TestCases.LoginTestCase.CheckMP3()'><b>CheckMP3</b><br>Test class: com.TestCases.LoginTestCase</td>
<td></td>
<td>4</td>
<td>com.TestCases.LoginTestCase@5acf93bb</td></tr>
<tr>
<td title='com.TestCases.LoginTestCase.CheckAllBrands()'><b>CheckAllBrands</b><br>Test class: com.TestCases.LoginTestCase</td>
<td></td>
<td>3</td>
<td>com.TestCases.LoginTestCase@5acf93bb</td></tr>
<tr>
<td title='com.TestCases.LoginTestCase.CheckMacbook()'><b>CheckMacbook</b><br>Test class: com.TestCases.LoginTestCase</td>
<td></td>
<td>3</td>
<td>com.TestCases.LoginTestCase@5acf93bb</td></tr>
<tr>
<td title='com.TestCases.LoginTestCase.CheckHeading4()'><b>CheckHeading4</b><br>Test class: com.TestCases.LoginTestCase</td>
<td></td>
<td>2</td>
<td>com.TestCases.LoginTestCase@5acf93bb</td></tr>
<tr>
<td title='com.TestCases.LoginTestCase.CheckSearchBoxFun8()'><b>CheckSearchBoxFun8</b><br>Test class: com.TestCases.LoginTestCase</td>
<td></td>
<td>5</td>
<td>com.TestCases.LoginTestCase@5acf93bb</td></tr>
<tr>
<td title='com.TestCases.LoginTestCase.CheckSearchBox()'><b>CheckSearchBox</b><br>Test class: com.TestCases.LoginTestCase</td>
<td></td>
<td>2</td>
<td>com.TestCases.LoginTestCase@5acf93bb</td></tr>
<tr>
<td title='com.TestCases.LoginTestCase.CheckComponents2()'><b>CheckComponents2</b><br>Test class: com.TestCases.LoginTestCase</td>
<td></td>
<td>4</td>
<td>com.TestCases.LoginTestCase@5acf93bb</td></tr>
<tr>
<td title='com.TestCases.LoginTestCase.CheckLaptopsNotebooks()'><b>CheckLaptopsNotebooks</b><br>Test class: com.TestCases.LoginTestCase</td>
<td></td>
<td>4</td>
<td>com.TestCases.LoginTestCase@5acf93bb</td></tr>
<tr>
<td title='com.TestCases.LoginTestCase.CheckSiteMap()'><b>CheckSiteMap</b><br>Test class: com.TestCases.LoginTestCase</td>
<td></td>
<td>3</td>
<td>com.TestCases.LoginTestCase@5acf93bb</td></tr>
<tr>
<td title='com.TestCases.LoginTestCase.CheckContactUs()'><b>CheckContactUs</b><br>Test class: com.TestCases.LoginTestCase</td>
<td></td>
<td>3</td>
<td>com.TestCases.LoginTestCase@5acf93bb</td></tr>
<tr>
<td title='com.TestCases.LoginTestCase.CheckFooter3()'><b>CheckFooter3</b><br>Test class: com.TestCases.LoginTestCase</td>
<td></td>
<td>3</td>
<td>com.TestCases.LoginTestCase@5acf93bb</td></tr>
<tr>
<td title='com.TestCases.LoginTestCase.CheckFooter4()'><b>CheckFooter4</b><br>Test class: com.TestCases.LoginTestCase</td>
<td></td>
<td>3</td>
<td>com.TestCases.LoginTestCase@5acf93bb</td></tr>
<tr>
<td title='com.TestCases.LoginTestCase.CheckSearchBoxFun2()'><b>CheckSearchBoxFun2</b><br>Test class: com.TestCases.LoginTestCase</td>
<td></td>
<td>3</td>
<td>com.TestCases.LoginTestCase@5acf93bb</td></tr>
<tr>
<td title='com.TestCases.LoginTestCase.CheckFooter2()'><b>CheckFooter2</b><br>Test class: com.TestCases.LoginTestCase</td>
<td></td>
<td>3</td>
<td>com.TestCases.LoginTestCase@5acf93bb</td></tr>
<tr>
<td title='com.TestCases.LoginTestCase.AddtoCart()'><b>AddtoCart</b><br>Test class: com.TestCases.LoginTestCase</td>
<td></td>
<td>2</td>
<td>com.TestCases.LoginTestCase@5acf93bb</td></tr>
<tr>
<td title='com.TestCases.LoginTestCase.CheckCamera()'><b>CheckCamera</b><br>Test class: com.TestCases.LoginTestCase</td>
<td></td>
<td>3</td>
<td>com.TestCases.LoginTestCase@5acf93bb</td></tr>
<tr>
<td title='com.TestCases.LoginTestCase.CheckLogin()'><b>CheckLogin</b><br>Test class: com.TestCases.LoginTestCase</td>
<td></td>
<td>3</td>
<td>com.TestCases.LoginTestCase@5acf93bb</td></tr>
<tr>
<td title='com.TestCases.LoginTestCase.CheckInvalidLogin()'><b>CheckInvalidLogin</b><br>Test class: com.TestCases.LoginTestCase</td>
<td></td>
<td>4</td>
<td>com.TestCases.LoginTestCase@5acf93bb</td></tr>
<tr>
<td title='com.TestCases.LoginTestCase.CheckSearchBoxFun4()'><b>CheckSearchBoxFun4</b><br>Test class: com.TestCases.LoginTestCase</td>
<td></td>
<td>3</td>
<td>com.TestCases.LoginTestCase@5acf93bb</td></tr>
<tr>
<td title='com.TestCases.LoginTestCase.CheckAboutUs()'><b>CheckAboutUs</b><br>Test class: com.TestCases.LoginTestCase</td>
<td></td>
<td>3</td>
<td>com.TestCases.LoginTestCase@5acf93bb</td></tr>
<tr>
<td title='com.TestCases.LoginTestCase.CheckPhones()'><b>CheckPhones</b><br>Test class: com.TestCases.LoginTestCase</td>
<td></td>
<td>2</td>
<td>com.TestCases.LoginTestCase@5acf93bb</td></tr>
<tr>
<td title='com.TestCases.LoginTestCase.CheckTermsConditions()'><b>CheckTermsConditions</b><br>Test class: com.TestCases.LoginTestCase</td>
<td></td>
<td>4</td>
<td>com.TestCases.LoginTestCase@5acf93bb</td></tr>
<tr>
<td title='com.TestCases.LoginTestCase.CheckContact()'><b>CheckContact</b><br>Test class: com.TestCases.LoginTestCase</td>
<td></td>
<td>4</td>
<td>com.TestCases.LoginTestCase@5acf93bb</td></tr>
<tr>
<td title='com.TestCases.LoginTestCase.CheckComponents()'><b>CheckComponents</b><br>Test class: com.TestCases.LoginTestCase</td>
<td></td>
<td>3</td>
<td>com.TestCases.LoginTestCase@5acf93bb</td></tr>
<tr>
<td title='com.TestCases.LoginTestCase.CheckTablet()'><b>CheckTablet</b><br>Test class: com.TestCases.LoginTestCase</td>
<td></td>
<td>3</td>
<td>com.TestCases.LoginTestCase@5acf93bb</td></tr>
<tr>
<td title='com.TestCases.LoginTestCase.CheckSearchBoxFun6()'><b>CheckSearchBoxFun6</b><br>Test class: com.TestCases.LoginTestCase</td>
<td></td>
<td>3</td>
<td>com.TestCases.LoginTestCase@5acf93bb</td></tr>
<tr>
<td title='com.TestCases.LoginTestCase.CheckHeading3()'><b>CheckHeading3</b><br>Test class: com.TestCases.LoginTestCase</td>
<td></td>
<td>3</td>
<td>com.TestCases.LoginTestCase@5acf93bb</td></tr>
<tr>
<td title='com.TestCases.LoginTestCase.CheckSearchBoxFun1()'><b>CheckSearchBoxFun1</b><br>Test class: com.TestCases.LoginTestCase</td>
<td></td>
<td>3</td>
<td>com.TestCases.LoginTestCase@5acf93bb</td></tr>
</table><p>
</body>
</html>