<?xml version="1.0" encoding="UTF-8"?>
<!-- Generated by org.testng.reporters.JUnitXMLReporter -->
<testsuite ignored="0" hostname="MSI" failures="3" tests="3" name="Test" time="0.082" errors="0" timestamp="2024-12-23T18:50:32 IST">
  <testcase classname="com.TestCases.LoginTestCase" name="CheckHeading1" time="0.04">
    <failure type="java.lang.NullPointerException" message="inStream parameter is null">
      <![CDATA[java.lang.NullPointerException: inStream parameter is null
at java.base/java.util.Objects.requireNonNull(Objects.java:235)
at java.base/java.util.Properties.load(Properties.java:407)
at com.utilities.prof.ProFile.ValueOfAnyKey(ProFile.java:20)
at com.utilities.SeleniumUtilities.OpenBrowser(SeleniumUtilities.java:18)
at com.TestCases.LoginTestCase.CheckHeading1(LoginTestCase.java:16)
at java.base/java.util.ArrayList.forEach(ArrayList.java:1511)
... Removed 27 stack frames]]>
    </failure>
  </testcase> <!-- CheckHeading1 -->
  <testcase classname="com.TestCases.LoginTestCase" name="CheckHeading2" time="0.003">
    <failure type="java.lang.NullPointerException" message="inStream parameter is null">
      <![CDATA[java.lang.NullPointerException: inStream parameter is null
at java.base/java.util.Objects.requireNonNull(Objects.java:235)
at java.base/java.util.Properties.load(Properties.java:407)
at com.utilities.prof.ProFile.ValueOfAnyKey(ProFile.java:20)
at com.utilities.SeleniumUtilities.OpenBrowser(SeleniumUtilities.java:18)
at com.TestCases.LoginTestCase.CheckHeading2(LoginTestCase.java:27)
at java.base/java.util.ArrayList.forEach(ArrayList.java:1511)
... Removed 27 stack frames]]>
    </failure>
  </testcase> <!-- CheckHeading2 -->
  <testcase classname="com.TestCases.LoginTestCase" name="CheckHeading3" time="0.001">
    <failure type="java.lang.NullPointerException" message="inStream parameter is null">
      <![CDATA[java.lang.NullPointerException: inStream parameter is null
at java.base/java.util.Objects.requireNonNull(Objects.java:235)
at java.base/java.util.Properties.load(Properties.java:407)
at com.utilities.prof.ProFile.ValueOfAnyKey(ProFile.java:20)
at com.utilities.SeleniumUtilities.OpenBrowser(SeleniumUtilities.java:18)
at com.TestCases.LoginTestCase.CheckHeading3(LoginTestCase.java:38)
at java.base/java.util.ArrayList.forEach(ArrayList.java:1511)
... Removed 27 stack frames]]>
    </failure>
  </testcase> <!-- CheckHeading3 -->
</testsuite> <!-- Test -->
