<!DOCTYPE html PUBLIC "-//W3C//DTD XHTML 1.1//EN" "https://www.w3.org/TR/xhtml11/DTD/xhtml11.dtd">
<html xmlns="https://www.w3.org/1999/xhtml">
<head>
<meta http-equiv="content-type" content="text/html; charset=UTF-8"/>
<title>TestNG Report</title>
<style type="text/css">table {margin-bottom:10px;border-collapse:collapse;empty-cells:show}th,td {border:1px solid #009;padding:.25em .5em}th {vertical-align:bottom}td {vertical-align:top}table a {font-weight:bold}.stripe td {background-color: #E6EBF9}.num {text-align:right}.passedodd td {background-color: #3F3}.passedeven td {background-color: #0A0}.skippedodd td {background-color: #DDD}.skippedeven td {background-color: #CCC}.failedodd td,.attn {background-color: #F33}.failedeven td,.stripe .attn {background-color: #D00}.stacktrace {white-space:pre;font-family:monospace}.totop {font-size:85%;text-align:center;border-bottom:2px solid #000}.invisible {display:none}</style>
</head>
<body>
<table>
<tr><th>Test</th><th># Passed</th><th># Skipped</th><th># Retried</th><th># Failed</th><th>Time (ms)</th><th>Included Groups</th><th>Excluded Groups</th></tr>
<tr><th colspan="8">Default suite</th></tr>
<tr><td><a href="#t0">Default test</a></td><td class="num">37</td><td class="num">0</td><td class="num">0</td><td class="num attn">3</td><td class="num">147,736</td><td></td><td></td></tr>
</table>
<table id='summary'><thead><tr><th>Class</th><th>Method</th><th>Start</th><th>Time (ms)</th></tr></thead><tbody><tr><th colspan="4">Default suite</th></tr></tbody><tbody id="t0"><tr><th colspan="4">Default test &#8212; failed</th></tr><tr class="failedeven"><td rowspan="3">com.TestCases.LoginTestCase</td><td><a href="#m0">CheckNewsletter</a></td><td rowspan="1">1735218542525</td><td rowspan="1">4092</td></tr><tr class="failedeven"><td><a href="#m1">CheckSearchBoxFun7</a></td><td rowspan="1">1735218593815</td><td rowspan="1">4585</td></tr><tr class="failedeven"><td><a href="#m2">CheckwishList</a></td><td rowspan="1">1735218539081</td><td rowspan="1">3443</td></tr><tr><th colspan="4">Default test &#8212; passed</th></tr><tr class="passedeven"><td rowspan="37">com.TestCases.LoginTestCase</td><td><a href="#m3">AddtoCart</a></td><td rowspan="1">1735218487569</td><td rowspan="1">2789</td></tr><tr class="passedeven"><td><a href="#m4">CheckAboutUs</a></td><td rowspan="1">1735218525255</td><td rowspan="1">3917</td></tr><tr class="passedeven"><td><a href="#m5">CheckAllBrands</a></td><td rowspan="1">1735218535847</td><td rowspan="1">3233</td></tr><tr class="passedeven"><td><a href="#m6">CheckCamera</a></td><td rowspan="1">1735218506318</td><td rowspan="1">3400</td></tr><tr class="passedeven"><td><a href="#m7">CheckComponents</a></td><td rowspan="1">1735218518077</td><td rowspan="1">3095</td></tr><tr class="passedeven"><td><a href="#m8">CheckComponents2</a></td><td rowspan="1">1735218521173</td><td rowspan="1">4081</td></tr><tr class="passedeven"><td><a href="#m9">CheckContact</a></td><td rowspan="1">1735218493125</td><td rowspan="1">4317</td></tr><tr class="passedeven"><td><a href="#m10">CheckContactUs</a></td><td rowspan="1">1735218529173</td><td rowspan="1">3034</td></tr><tr class="passedeven"><td><a href="#m11">CheckFooter1</a></td><td rowspan="1">1735218557987</td><td rowspan="1">3363</td></tr><tr class="passedeven"><td><a href="#m12">CheckFooter2</a></td><td rowspan="1">1735218561351</td><td rowspan="1">3549</td></tr><tr class="passedeven"><td><a href="#m13">CheckFooter3</a></td><td rowspan="1">1735218564901</td><td rowspan="1">3817</td></tr><tr class="passedeven"><td><a href="#m14">CheckFooter4</a></td><td rowspan="1">1735218568719</td><td rowspan="1">3233</td></tr><tr class="passedeven"><td><a href="#m15">CheckFooter5</a></td><td rowspan="1">1735218571953</td><td rowspan="1">3333</td></tr><tr class="passedeven"><td><a href="#m16">CheckHeading1</a></td><td rowspan="1">1735218466388</td><td rowspan="1">4468</td></tr><tr class="passedeven"><td><a href="#m17">CheckHeading2</a></td><td rowspan="1">1735218470860</td><td rowspan="1">2652</td></tr><tr class="passedeven"><td><a href="#m18">CheckHeading3</a></td><td rowspan="1">1735218473513</td><td rowspan="1">3682</td></tr><tr class="passedeven"><td><a href="#m19">CheckHeading4</a></td><td rowspan="1">1735218555070</td><td rowspan="1">2917</td></tr><tr class="passedeven"><td><a href="#m20">CheckInvalidLogin</a></td><td rowspan="1">1735218477196</td><td rowspan="1">4228</td></tr><tr class="passedeven"><td><a href="#m21">CheckLaptopsNotebooks</a></td><td rowspan="1">1735218513860</td><td rowspan="1">4216</td></tr><tr class="passedeven"><td><a href="#m22">CheckLogin</a></td><td rowspan="1">1735218481425</td><td rowspan="1">3038</td></tr><tr class="passedeven"><td><a href="#m23">CheckMP3</a></td><td rowspan="1">1735218509721</td><td rowspan="1">4138</td></tr><tr class="passedeven"><td><a href="#m24">CheckMacbook</a></td><td rowspan="1">1735218484467</td><td rowspan="1">3101</td></tr><tr class="passedeven"><td><a href="#m25">CheckPhones</a></td><td rowspan="1">1735218500359</td><td rowspan="1">2899</td></tr><tr class="passedeven"><td><a href="#m26">CheckSearchBox</a></td><td rowspan="1">1735218490359</td><td rowspan="1">2765</td></tr><tr class="passedeven"><td><a href="#m27">CheckSearchBoxFun1</a></td><td rowspan="1">1735218575287</td><td rowspan="1">3911</td></tr><tr class="passedeven"><td><a href="#m28">CheckSearchBoxFun10</a></td><td rowspan="1">1735218610075</td><td rowspan="1">4011</td></tr><tr class="passedeven"><td><a href="#m29">CheckSearchBoxFun2</a></td><td rowspan="1">1735218579199</td><td rowspan="1">3788</td></tr><tr class="passedeven"><td><a href="#m30">CheckSearchBoxFun4</a></td><td rowspan="1">1735218582988</td><td rowspan="1">3562</td></tr><tr class="passedeven"><td><a href="#m31">CheckSearchBoxFun5</a></td><td rowspan="1">1735218586551</td><td rowspan="1">3614</td></tr><tr class="passedeven"><td><a href="#m32">CheckSearchBoxFun6</a></td><td rowspan="1">1735218590166</td><td rowspan="1">3648</td></tr><tr class="passedeven"><td><a href="#m33">CheckSearchBoxFun8</a></td><td rowspan="1">1735218598400</td><td rowspan="1">5599</td></tr><tr class="passedeven"><td><a href="#m34">CheckSearchBoxFun9</a></td><td rowspan="1">1735218604001</td><td rowspan="1">6074</td></tr><tr class="passedeven"><td><a href="#m35">CheckSiteMap</a></td><td rowspan="1">1735218532208</td><td rowspan="1">3638</td></tr><tr class="passedeven"><td><a href="#m36">CheckSpecialOffers</a></td><td rowspan="1">1735218546619</td><td rowspan="1">3715</td></tr><tr class="passedeven"><td><a href="#m37">CheckTablet</a></td><td rowspan="1">1735218503259</td><td rowspan="1">3058</td></tr><tr class="passedeven"><td><a href="#m38">CheckTermsConditions</a></td><td rowspan="1">1735218550335</td><td rowspan="1">4733</td></tr><tr class="passedeven"><td><a href="#m39">CheckWishList</a></td><td rowspan="1">1735218497445</td><td rowspan="1">2914</td></tr></tbody>
</table>
<h2>Default test</h2><h3 id="m0">com.TestCases.LoginTestCase#CheckNewsletter</h3><table class="result"><tr><th>Exception</th></tr><tr><td><div class="stacktrace">java.lang.AssertionError: expected [Newsletter Subscribtion] but found [Account Login]
	at org.testng.Assert.fail(Assert.java:99)
	at org.testng.Assert.failNotEquals(Assert.java:1037)
	at org.testng.Assert.assertEqualsImpl(Assert.java:140)
	at org.testng.Assert.assertEquals(Assert.java:122)
	at org.testng.Assert.assertEquals(Assert.java:629)
	at org.testng.Assert.assertEquals(Assert.java:639)
	at com.TestCases.LoginTestCase.CheckNewsletter(LoginTestCase.java:370)
	at java.base/jdk.internal.reflect.NativeMethodAccessorImpl.invoke0(Native Method)
	at java.base/jdk.internal.reflect.NativeMethodAccessorImpl.invoke(NativeMethodAccessorImpl.java:77)
	at java.base/jdk.internal.reflect.DelegatingMethodAccessorImpl.invoke(DelegatingMethodAccessorImpl.java:43)
	at java.base/java.lang.reflect.Method.invoke(Method.java:568)
	at org.testng.internal.MethodInvocationHelper.invokeMethod(MethodInvocationHelper.java:133)
	at org.testng.internal.TestInvoker.invokeMethod(TestInvoker.java:598)
	at org.testng.internal.TestInvoker.invokeTestMethod(TestInvoker.java:173)
	at org.testng.internal.MethodRunner.runInSequence(MethodRunner.java:46)
	at org.testng.internal.TestInvoker$MethodInvocationAgent.invoke(TestInvoker.java:824)
	at org.testng.internal.TestInvoker.invokeTestMethods(TestInvoker.java:146)
	at org.testng.internal.TestMethodWorker.invokeTestMethods(TestMethodWorker.java:146)
	at org.testng.internal.TestMethodWorker.run(TestMethodWorker.java:128)
	at java.base/java.util.ArrayList.forEach(ArrayList.java:1511)
	at org.testng.TestRunner.privateRun(TestRunner.java:794)
	at org.testng.TestRunner.run(TestRunner.java:596)
	at org.testng.SuiteRunner.runTest(SuiteRunner.java:377)
	at org.testng.SuiteRunner.runSequentially(SuiteRunner.java:371)
	at org.testng.SuiteRunner.privateRun(SuiteRunner.java:332)
	at org.testng.SuiteRunner.run(SuiteRunner.java:276)
	at org.testng.SuiteRunnerWorker.runSuite(SuiteRunnerWorker.java:53)
	at org.testng.SuiteRunnerWorker.run(SuiteRunnerWorker.java:96)
	at org.testng.TestNG.runSuitesSequentially(TestNG.java:1212)
	at org.testng.TestNG.runSuitesLocally(TestNG.java:1134)
	at org.testng.TestNG.runSuites(TestNG.java:1063)
	at org.testng.TestNG.run(TestNG.java:1031)
	at org.testng.remote.AbstractRemoteTestNG.run(AbstractRemoteTestNG.java:115)
	at org.testng.remote.RemoteTestNG.initAndRun(RemoteTestNG.java:293)
	at org.testng.remote.RemoteTestNG.main(RemoteTestNG.java:91)
</div></td></tr></table><p class="totop"><a href="#summary">back to summary</a></p>
<h3 id="m1">com.TestCases.LoginTestCase#CheckSearchBoxFun7</h3><table class="result"><tr><th>Exception</th></tr><tr><td><div class="stacktrace">java.lang.AssertionError: expected [Hewlett-Packard] but found [Search - HP]
	at org.testng.Assert.fail(Assert.java:99)
	at org.testng.Assert.failNotEquals(Assert.java:1037)
	at org.testng.Assert.assertEqualsImpl(Assert.java:140)
	at org.testng.Assert.assertEquals(Assert.java:122)
	at org.testng.Assert.assertEquals(Assert.java:629)
	at org.testng.Assert.assertEquals(Assert.java:639)
	at com.TestCases.LoginTestCase.CheckSearchBoxFun7(LoginTestCase.java:583)
	at java.base/jdk.internal.reflect.NativeMethodAccessorImpl.invoke0(Native Method)
	at java.base/jdk.internal.reflect.NativeMethodAccessorImpl.invoke(NativeMethodAccessorImpl.java:77)
	at java.base/jdk.internal.reflect.DelegatingMethodAccessorImpl.invoke(DelegatingMethodAccessorImpl.java:43)
	at java.base/java.lang.reflect.Method.invoke(Method.java:568)
	at org.testng.internal.MethodInvocationHelper.invokeMethod(MethodInvocationHelper.java:133)
	at org.testng.internal.TestInvoker.invokeMethod(TestInvoker.java:598)
	at org.testng.internal.TestInvoker.invokeTestMethod(TestInvoker.java:173)
	at org.testng.internal.MethodRunner.runInSequence(MethodRunner.java:46)
	at org.testng.internal.TestInvoker$MethodInvocationAgent.invoke(TestInvoker.java:824)
	at org.testng.internal.TestInvoker.invokeTestMethods(TestInvoker.java:146)
	at org.testng.internal.TestMethodWorker.invokeTestMethods(TestMethodWorker.java:146)
	at org.testng.internal.TestMethodWorker.run(TestMethodWorker.java:128)
	at java.base/java.util.ArrayList.forEach(ArrayList.java:1511)
	at org.testng.TestRunner.privateRun(TestRunner.java:794)
	at org.testng.TestRunner.run(TestRunner.java:596)
	at org.testng.SuiteRunner.runTest(SuiteRunner.java:377)
	at org.testng.SuiteRunner.runSequentially(SuiteRunner.java:371)
	at org.testng.SuiteRunner.privateRun(SuiteRunner.java:332)
	at org.testng.SuiteRunner.run(SuiteRunner.java:276)
	at org.testng.SuiteRunnerWorker.runSuite(SuiteRunnerWorker.java:53)
	at org.testng.SuiteRunnerWorker.run(SuiteRunnerWorker.java:96)
	at org.testng.TestNG.runSuitesSequentially(TestNG.java:1212)
	at org.testng.TestNG.runSuitesLocally(TestNG.java:1134)
	at org.testng.TestNG.runSuites(TestNG.java:1063)
	at org.testng.TestNG.run(TestNG.java:1031)
	at org.testng.remote.AbstractRemoteTestNG.run(AbstractRemoteTestNG.java:115)
	at org.testng.remote.RemoteTestNG.initAndRun(RemoteTestNG.java:293)
	at org.testng.remote.RemoteTestNG.main(RemoteTestNG.java:91)
</div></td></tr></table><p class="totop"><a href="#summary">back to summary</a></p>
<h3 id="m2">com.TestCases.LoginTestCase#CheckwishList</h3><table class="result"><tr><th>Exception</th></tr><tr><td><div class="stacktrace">java.lang.AssertionError: expected [My Wish List] but found [Account Login]
	at org.testng.Assert.fail(Assert.java:99)
	at org.testng.Assert.failNotEquals(Assert.java:1037)
	at org.testng.Assert.assertEqualsImpl(Assert.java:140)
	at org.testng.Assert.assertEquals(Assert.java:122)
	at org.testng.Assert.assertEquals(Assert.java:629)
	at org.testng.Assert.assertEquals(Assert.java:639)
	at com.TestCases.LoginTestCase.CheckwishList(LoginTestCase.java:355)
	at java.base/jdk.internal.reflect.NativeMethodAccessorImpl.invoke0(Native Method)
	at java.base/jdk.internal.reflect.NativeMethodAccessorImpl.invoke(NativeMethodAccessorImpl.java:77)
	at java.base/jdk.internal.reflect.DelegatingMethodAccessorImpl.invoke(DelegatingMethodAccessorImpl.java:43)
	at java.base/java.lang.reflect.Method.invoke(Method.java:568)
	at org.testng.internal.MethodInvocationHelper.invokeMethod(MethodInvocationHelper.java:133)
	at org.testng.internal.TestInvoker.invokeMethod(TestInvoker.java:598)
	at org.testng.internal.TestInvoker.invokeTestMethod(TestInvoker.java:173)
	at org.testng.internal.MethodRunner.runInSequence(MethodRunner.java:46)
	at org.testng.internal.TestInvoker$MethodInvocationAgent.invoke(TestInvoker.java:824)
	at org.testng.internal.TestInvoker.invokeTestMethods(TestInvoker.java:146)
	at org.testng.internal.TestMethodWorker.invokeTestMethods(TestMethodWorker.java:146)
	at org.testng.internal.TestMethodWorker.run(TestMethodWorker.java:128)
	at java.base/java.util.ArrayList.forEach(ArrayList.java:1511)
	at org.testng.TestRunner.privateRun(TestRunner.java:794)
	at org.testng.TestRunner.run(TestRunner.java:596)
	at org.testng.SuiteRunner.runTest(SuiteRunner.java:377)
	at org.testng.SuiteRunner.runSequentially(SuiteRunner.java:371)
	at org.testng.SuiteRunner.privateRun(SuiteRunner.java:332)
	at org.testng.SuiteRunner.run(SuiteRunner.java:276)
	at org.testng.SuiteRunnerWorker.runSuite(SuiteRunnerWorker.java:53)
	at org.testng.SuiteRunnerWorker.run(SuiteRunnerWorker.java:96)
	at org.testng.TestNG.runSuitesSequentially(TestNG.java:1212)
	at org.testng.TestNG.runSuitesLocally(TestNG.java:1134)
	at org.testng.TestNG.runSuites(TestNG.java:1063)
	at org.testng.TestNG.run(TestNG.java:1031)
	at org.testng.remote.AbstractRemoteTestNG.run(AbstractRemoteTestNG.java:115)
	at org.testng.remote.RemoteTestNG.initAndRun(RemoteTestNG.java:293)
	at org.testng.remote.RemoteTestNG.main(RemoteTestNG.java:91)
</div></td></tr></table><p class="totop"><a href="#summary">back to summary</a></p>
<h3 id="m3">com.TestCases.LoginTestCase#AddtoCart</h3><table class="result"><tr><th class="invisible"/></tr></table><p class="totop"><a href="#summary">back to summary</a></p>
<h3 id="m4">com.TestCases.LoginTestCase#CheckAboutUs</h3><table class="result"><tr><th class="invisible"/></tr></table><p class="totop"><a href="#summary">back to summary</a></p>
<h3 id="m5">com.TestCases.LoginTestCase#CheckAllBrands</h3><table class="result"><tr><th class="invisible"/></tr></table><p class="totop"><a href="#summary">back to summary</a></p>
<h3 id="m6">com.TestCases.LoginTestCase#CheckCamera</h3><table class="result"><tr><th class="invisible"/></tr></table><p class="totop"><a href="#summary">back to summary</a></p>
<h3 id="m7">com.TestCases.LoginTestCase#CheckComponents</h3><table class="result"><tr><th class="invisible"/></tr></table><p class="totop"><a href="#summary">back to summary</a></p>
<h3 id="m8">com.TestCases.LoginTestCase#CheckComponents2</h3><table class="result"><tr><th class="invisible"/></tr></table><p class="totop"><a href="#summary">back to summary</a></p>
<h3 id="m9">com.TestCases.LoginTestCase#CheckContact</h3><table class="result"><tr><th class="invisible"/></tr></table><p class="totop"><a href="#summary">back to summary</a></p>
<h3 id="m10">com.TestCases.LoginTestCase#CheckContactUs</h3><table class="result"><tr><th class="invisible"/></tr></table><p class="totop"><a href="#summary">back to summary</a></p>
<h3 id="m11">com.TestCases.LoginTestCase#CheckFooter1</h3><table class="result"><tr><th class="invisible"/></tr></table><p class="totop"><a href="#summary">back to summary</a></p>
<h3 id="m12">com.TestCases.LoginTestCase#CheckFooter2</h3><table class="result"><tr><th class="invisible"/></tr></table><p class="totop"><a href="#summary">back to summary</a></p>
<h3 id="m13">com.TestCases.LoginTestCase#CheckFooter3</h3><table class="result"><tr><th class="invisible"/></tr></table><p class="totop"><a href="#summary">back to summary</a></p>
<h3 id="m14">com.TestCases.LoginTestCase#CheckFooter4</h3><table class="result"><tr><th class="invisible"/></tr></table><p class="totop"><a href="#summary">back to summary</a></p>
<h3 id="m15">com.TestCases.LoginTestCase#CheckFooter5</h3><table class="result"><tr><th class="invisible"/></tr></table><p class="totop"><a href="#summary">back to summary</a></p>
<h3 id="m16">com.TestCases.LoginTestCase#CheckHeading1</h3><table class="result"><tr><th class="invisible"/></tr></table><p class="totop"><a href="#summary">back to summary</a></p>
<h3 id="m17">com.TestCases.LoginTestCase#CheckHeading2</h3><table class="result"><tr><th class="invisible"/></tr></table><p class="totop"><a href="#summary">back to summary</a></p>
<h3 id="m18">com.TestCases.LoginTestCase#CheckHeading3</h3><table class="result"><tr><th class="invisible"/></tr></table><p class="totop"><a href="#summary">back to summary</a></p>
<h3 id="m19">com.TestCases.LoginTestCase#CheckHeading4</h3><table class="result"><tr><th class="invisible"/></tr></table><p class="totop"><a href="#summary">back to summary</a></p>
<h3 id="m20">com.TestCases.LoginTestCase#CheckInvalidLogin</h3><table class="result"><tr><th class="invisible"/></tr></table><p class="totop"><a href="#summary">back to summary</a></p>
<h3 id="m21">com.TestCases.LoginTestCase#CheckLaptopsNotebooks</h3><table class="result"><tr><th class="invisible"/></tr></table><p class="totop"><a href="#summary">back to summary</a></p>
<h3 id="m22">com.TestCases.LoginTestCase#CheckLogin</h3><table class="result"><tr><th class="invisible"/></tr></table><p class="totop"><a href="#summary">back to summary</a></p>
<h3 id="m23">com.TestCases.LoginTestCase#CheckMP3</h3><table class="result"><tr><th class="invisible"/></tr></table><p class="totop"><a href="#summary">back to summary</a></p>
<h3 id="m24">com.TestCases.LoginTestCase#CheckMacbook</h3><table class="result"><tr><th class="invisible"/></tr></table><p class="totop"><a href="#summary">back to summary</a></p>
<h3 id="m25">com.TestCases.LoginTestCase#CheckPhones</h3><table class="result"><tr><th class="invisible"/></tr></table><p class="totop"><a href="#summary">back to summary</a></p>
<h3 id="m26">com.TestCases.LoginTestCase#CheckSearchBox</h3><table class="result"><tr><th class="invisible"/></tr></table><p class="totop"><a href="#summary">back to summary</a></p>
<h3 id="m27">com.TestCases.LoginTestCase#CheckSearchBoxFun1</h3><table class="result"><tr><th class="invisible"/></tr></table><p class="totop"><a href="#summary">back to summary</a></p>
<h3 id="m28">com.TestCases.LoginTestCase#CheckSearchBoxFun10</h3><table class="result"><tr><th class="invisible"/></tr></table><p class="totop"><a href="#summary">back to summary</a></p>
<h3 id="m29">com.TestCases.LoginTestCase#CheckSearchBoxFun2</h3><table class="result"><tr><th class="invisible"/></tr></table><p class="totop"><a href="#summary">back to summary</a></p>
<h3 id="m30">com.TestCases.LoginTestCase#CheckSearchBoxFun4</h3><table class="result"><tr><th class="invisible"/></tr></table><p class="totop"><a href="#summary">back to summary</a></p>
<h3 id="m31">com.TestCases.LoginTestCase#CheckSearchBoxFun5</h3><table class="result"><tr><th class="invisible"/></tr></table><p class="totop"><a href="#summary">back to summary</a></p>
<h3 id="m32">com.TestCases.LoginTestCase#CheckSearchBoxFun6</h3><table class="result"><tr><th class="invisible"/></tr></table><p class="totop"><a href="#summary">back to summary</a></p>
<h3 id="m33">com.TestCases.LoginTestCase#CheckSearchBoxFun8</h3><table class="result"><tr><th class="invisible"/></tr></table><p class="totop"><a href="#summary">back to summary</a></p>
<h3 id="m34">com.TestCases.LoginTestCase#CheckSearchBoxFun9</h3><table class="result"><tr><th class="invisible"/></tr></table><p class="totop"><a href="#summary">back to summary</a></p>
<h3 id="m35">com.TestCases.LoginTestCase#CheckSiteMap</h3><table class="result"><tr><th class="invisible"/></tr></table><p class="totop"><a href="#summary">back to summary</a></p>
<h3 id="m36">com.TestCases.LoginTestCase#CheckSpecialOffers</h3><table class="result"><tr><th class="invisible"/></tr></table><p class="totop"><a href="#summary">back to summary</a></p>
<h3 id="m37">com.TestCases.LoginTestCase#CheckTablet</h3><table class="result"><tr><th class="invisible"/></tr></table><p class="totop"><a href="#summary">back to summary</a></p>
<h3 id="m38">com.TestCases.LoginTestCase#CheckTermsConditions</h3><table class="result"><tr><th class="invisible"/></tr></table><p class="totop"><a href="#summary">back to summary</a></p>
<h3 id="m39">com.TestCases.LoginTestCase#CheckWishList</h3><table class="result"><tr><th class="invisible"/></tr></table><p class="totop"><a href="#summary">back to summary</a></p>
</body>
</html>
